Determining if the pthread_create exist failed with the following output:
Change Dir: /home/lt/my_code_file/pcl_learning/cmake-build-debug/CMakeFiles/CMakeTmp

Run Build Command:"/usr/bin/make" "cmTC_c4e93/fast"
/usr/bin/make -f CMakeFiles/cmTC_c4e93.dir/build.make CMakeFiles/cmTC_c4e93.dir/build
make[1]: Entering directory '/home/lt/my_code_file/pcl_learning/cmake-build-debug/CMakeFiles/CMakeTmp'
Building C object CMakeFiles/cmTC_c4e93.dir/CheckSymbolExists.c.o
/usr/bin/cc    -o CMakeFiles/cmTC_c4e93.dir/CheckSymbolExists.c.o   -c /home/lt/my_code_file/pcl_learning/cmake-build-debug/CMakeFiles/CMakeTmp/CheckSymbolExists.c
Linking C executable cmTC_c4e93
/home/lt/Software/clion-2018.1.2/bin/cmake/bin/cmake -E cmake_link_script CMakeFiles/cmTC_c4e93.dir/link.txt --verbose=1
/usr/bin/cc      CMakeFiles/cmTC_c4e93.dir/CheckSymbolExists.c.o  -o cmTC_c4e93 
CMakeFiles/cmTC_c4e93.dir/CheckSymbolExists.c.o：在函数‘main’中：
CheckSymbolExists.c:(.text+0x16)：对‘pthread_create’未定义的引用
collect2: error: ld returned 1 exit status
CMakeFiles/cmTC_c4e93.dir/build.make:97: recipe for target 'cmTC_c4e93' failed
make[1]: *** [cmTC_c4e93] Error 1
make[1]: Leaving directory '/home/lt/my_code_file/pcl_learning/cmake-build-debug/CMakeFiles/CMakeTmp'
Makefile:126: recipe for target 'cmTC_c4e93/fast' failed
make: *** [cmTC_c4e93/fast] Error 2

File /home/lt/my_code_file/pcl_learning/cmake-build-debug/CMakeFiles/CMakeTmp/CheckSymbolExists.c:
/* */
#include <pthread.h>

int main(int argc, char** argv)
{
  (void)argv;
#ifndef pthread_create
  return ((int*)(&pthread_create))[argc];
#else
  (void)argc;
  return 0;
#endif
}

Determining if the function pthread_create exists in the pthreads failed with the following output:
Change Dir: /home/lt/my_code_file/pcl_learning/cmake-build-debug/CMakeFiles/CMakeTmp

Run Build Command:"/usr/bin/make" "cmTC_66696/fast"
/usr/bin/make -f CMakeFiles/cmTC_66696.dir/build.make CMakeFiles/cmTC_66696.dir/build
make[1]: Entering directory '/home/lt/my_code_file/pcl_learning/cmake-build-debug/CMakeFiles/CMakeTmp'
Building C object CMakeFiles/cmTC_66696.dir/CheckFunctionExists.c.o
/usr/bin/cc   -DCHECK_FUNCTION_EXISTS=pthread_create   -o CMakeFiles/cmTC_66696.dir/CheckFunctionExists.c.o   -c /home/lt/Software/clion-2018.1.2/bin/cmake/share/cmake-3.10/Modules/CheckFunctionExists.c
Linking C executable cmTC_66696
/home/lt/Software/clion-2018.1.2/bin/cmake/bin/cmake -E cmake_link_script CMakeFiles/cmTC_66696.dir/link.txt --verbose=1
/usr/bin/cc  -DCHECK_FUNCTION_EXISTS=pthread_create    CMakeFiles/cmTC_66696.dir/CheckFunctionExists.c.o  -o cmTC_66696 -lpthreads 
/usr/bin/ld: 找不到 -lpthreads
collect2: error: ld returned 1 exit status
CMakeFiles/cmTC_66696.dir/build.make:97: recipe for target 'cmTC_66696' failed
make[1]: *** [cmTC_66696] Error 1
make[1]: Leaving directory '/home/lt/my_code_file/pcl_learning/cmake-build-debug/CMakeFiles/CMakeTmp'
Makefile:126: recipe for target 'cmTC_66696/fast' failed
make: *** [cmTC_66696/fast] Error 2


