Determining if the pthread_create exist failed with the following output:
Change Dir: /home/sc/文档/codenote/laser_scan_matcher/cmake-build-debug/CMakeFiles/CMakeTmp

Run Build Command:"/usr/bin/make" "cmTC_3bd63/fast"
/usr/bin/make -f CMakeFiles/cmTC_3bd63.dir/build.make CMakeFiles/cmTC_3bd63.dir/build
make[1]: Entering directory '/home/sc/文档/codenote/laser_scan_matcher/cmake-build-debug/CMakeFiles/CMakeTmp'
Building C object CMakeFiles/cmTC_3bd63.dir/CheckSymbolExists.c.o
/usr/bin/cc    -o CMakeFiles/cmTC_3bd63.dir/CheckSymbolExists.c.o   -c /home/sc/文档/codenote/laser_scan_matcher/cmake-build-debug/CMakeFiles/CMakeTmp/CheckSymbolExists.c
Linking C executable cmTC_3bd63
/home/sc/Software/clion-2018.1.2/bin/cmake/bin/cmake -E cmake_link_script CMakeFiles/cmTC_3bd63.dir/link.txt --verbose=1
/usr/bin/cc      -rdynamic CMakeFiles/cmTC_3bd63.dir/CheckSymbolExists.c.o  -o cmTC_3bd63 
CMakeFiles/cmTC_3bd63.dir/CheckSymbolExists.c.o：在函数‘main’中：
CheckSymbolExists.c:(.text+0x16)：对‘pthread_create’未定义的引用
collect2: error: ld returned 1 exit status
CMakeFiles/cmTC_3bd63.dir/build.make:97: recipe for target 'cmTC_3bd63' failed
make[1]: *** [cmTC_3bd63] Error 1
make[1]: Leaving directory '/home/sc/文档/codenote/laser_scan_matcher/cmake-build-debug/CMakeFiles/CMakeTmp'
Makefile:126: recipe for target 'cmTC_3bd63/fast' failed
make: *** [cmTC_3bd63/fast] Error 2

File /home/sc/文档/codenote/laser_scan_matcher/cmake-build-debug/CMakeFiles/CMakeTmp/CheckSymbolExists.c:
/* */
#include <pthread.h>

int main(int argc, char** argv)
{
  (void)argv;
#ifndef pthread_create
  return ((int*)(&pthread_create))[argc];
#else
  (void)argc;
  return 0;
#endif
}

Determining if the function pthread_create exists in the pthreads failed with the following output:
Change Dir: /home/sc/文档/codenote/laser_scan_matcher/cmake-build-debug/CMakeFiles/CMakeTmp

Run Build Command:"/usr/bin/make" "cmTC_0e790/fast"
/usr/bin/make -f CMakeFiles/cmTC_0e790.dir/build.make CMakeFiles/cmTC_0e790.dir/build
make[1]: Entering directory '/home/sc/文档/codenote/laser_scan_matcher/cmake-build-debug/CMakeFiles/CMakeTmp'
Building C object CMakeFiles/cmTC_0e790.dir/CheckFunctionExists.c.o
/usr/bin/cc   -DCHECK_FUNCTION_EXISTS=pthread_create   -o CMakeFiles/cmTC_0e790.dir/CheckFunctionExists.c.o   -c /home/sc/Software/clion-2018.1.2/bin/cmake/share/cmake-3.10/Modules/CheckFunctionExists.c
Linking C executable cmTC_0e790
/home/sc/Software/clion-2018.1.2/bin/cmake/bin/cmake -E cmake_link_script CMakeFiles/cmTC_0e790.dir/link.txt --verbose=1
/usr/bin/cc  -DCHECK_FUNCTION_EXISTS=pthread_create    -rdynamic CMakeFiles/cmTC_0e790.dir/CheckFunctionExists.c.o  -o cmTC_0e790 -lpthreads 
/usr/bin/ld: 找不到 -lpthreads
collect2: error: ld returned 1 exit status
CMakeFiles/cmTC_0e790.dir/build.make:97: recipe for target 'cmTC_0e790' failed
make[1]: *** [cmTC_0e790] Error 1
make[1]: Leaving directory '/home/sc/文档/codenote/laser_scan_matcher/cmake-build-debug/CMakeFiles/CMakeTmp'
Makefile:126: recipe for target 'cmTC_0e790/fast' failed
make: *** [cmTC_0e790/fast] Error 2


